C51 COMPILER V9.60.0.0   LIFT                                                              05/01/2021 09:09:48 PAGE 1   


C51 COMPILER V9.60.0.0, COMPILATION OF MODULE LIFT
OBJECT MODULE PLACED IN .\Objects\lift.obj
COMPILER INVOKED BY: D:\keil5\C51\BIN\C51.EXE lift.c OPTIMIZE(8,SPEED) BROWSE DEBUG OBJECTEXTEND PRINT(.\Listings\lift.l
                    -st) OBJECT(.\Objects\lift.obj)

line level    source

   1          #include"reg51.h"
   2          
   3          unsigned char flagL1=0,flagL2=0,flagL3=0;
   4          unsigned char flagR1=0,flagR2=0,flagR3=0;
   5          unsigned char flagO1=0,flagO2=0,flagO3=0,flagO4=0;
   6          unsigned char lift[3]={0,0,0};
   7          unsigned char rift[3]={0,0,0};
   8          unsigned char outdoor[6]={0,0,0,0,0,0};
   9          unsigned char lDir=0,rDir=0,lFloor=1,rFloor=1;
  10          unsigned char change[6]={0,0,0,0,0,0};
  11          unsigned char i,j;
  12          
  13          sbit keyL1=P0^0; sbit keyL2=P0^1; sbit keyL3=P0^2;
  14          sbit keyR1=P0^3; sbit keyR2=P0^4; sbit keyR3=P0^5;
  15          sbit keyO1=P2^7; sbit keyO2=P2^6; sbit keyO3=P2^5; sbit keyO4=P2^4;
  16          
  17          sbit LEDL1=P1^0; sbit LEDL2=P1^1; sbit LEDL3=P1^2;
  18          sbit LEDR1=P1^3; sbit LEDR2=P1^4; sbit LEDR3=P1^5;
  19          sbit LEDO1=P3^0; sbit LEDO2=P3^1; sbit LEDO3=P3^2; sbit LEDO4=P3^3;
  20          
  21          sbit LUP=P3^4; sbit LDOWN=P3^5; sbit LOPEN=P1^6;
  22          sbit RUP=P3^6; sbit RDOWN=P3^7; sbit ROPEN=P1^7;
  23          
  24          sbit LIFT1=P2^0; sbit LIFT0=P2^1;
  25          sbit RIFT1=P2^2; sbit RIFT0=P2^3;
  26          
  27          
  28          
  29          
  30          /*void init_timer(void){
  31                  TMOD=0x01;
  32                  TH0=(65536-50000)/256;
  33                  TL0=(65536-50000)%256;
  34                  ET0=1;
  35                  EA=1;
  36                  TR0=1;
  37          }
  38          
  39          void timer_isr(void) interrupt 1{
  40                  TH0=(65536-50000)/256;
  41                  TL0=(65536-50000)%256;
  42                  timer0_cnt++;
  43                  if(timer0_cnt%10==0){
  44                          time++;
  45                  }
  46          }*/
  47          
  48          //delay  t   ms
  49          void delay(unsigned int t){
  50   1                      unsigned int i=0, j=0;
  51   1                      for(i=0;i<=t;i++)
  52   1                      {
  53   2                              for(j=0;j<=120;j++);
  54   2                              
C51 COMPILER V9.60.0.0   LIFT                                                              05/01/2021 09:09:48 PAGE 2   

  55   2                      }
  56   1                      
  57   1      }
  58          
  59          char abs(char number)
  60          {
  61   1              return (number&0x80 ? -number : number);
  62   1      }
  63          
  64          void initLed(){
  65   1              LEDL1=0;LEDL2=0;LEDL3=0;
  66   1              LEDR1=0;LEDR2=0;LEDR3=0;
  67   1              LEDO1=0;LEDO2=0;LEDO3=0;LEDO4=0;
  68   1              LUP=0;LDOWN=0;LOPEN=0;
  69   1              RUP=0;RDOWN=0;ROPEN=0;
  70   1              LIFT1=0;LIFT0=1;
  71   1              RIFT1=0;RIFT0=1;
  72   1      }
  73          
  74          void check(){
  75   1              //L1
  76   1              if(keyL1==0&&flagL1==0)
  77   1                      {
  78   2                              flagL1=1;
  79   2                      }
  80   1              if(keyL1==1&&flagL1==1)
  81   1                      {
  82   2                              lift[0]=1;
  83   2                              LEDL1=1;
  84   2                              flagL1=0;
  85   2                      }
  86   1              //L2
  87   1              if(keyL2==0&&flagL2==0)
  88   1                      {
  89   2                              flagL2=1;
  90   2                      }
  91   1              if(keyL2==1&&flagL2==1)
  92   1                      {
  93   2                              lift[1]=1;
  94   2                              LEDL2=1;
  95   2                              flagL2=0;
  96   2                      }
  97   1      
  98   1              //L3
  99   1              if(keyL3==0&&flagL3==0)
 100   1                      {
 101   2                              flagL3=1;
 102   2                      }
 103   1              if(keyL3==1&&flagL3==1)
 104   1                      {
 105   2                              lift[2]=1;
 106   2                              LEDL3=1;
 107   2                              flagL3=0;
 108   2                      }
 109   1      
 110   1              //R1
 111   1              if(keyR1==0&&flagR1==0)
 112   1                      {
 113   2                              flagR1=1;
 114   2                      }
 115   1              if(keyR1==1&&flagR1==1)
 116   1                      {
C51 COMPILER V9.60.0.0   LIFT                                                              05/01/2021 09:09:48 PAGE 3   

 117   2                              rift[0]=1;
 118   2                              LEDR1=1;
 119   2                              flagR1=0;
 120   2                      }
 121   1      
 122   1              //R2
 123   1              if(keyR2==0&&flagR2==0)
 124   1                      {
 125   2                              flagR2=1;
 126   2                      }
 127   1              if(keyR2==1&&flagR2==1)
 128   1                      {
 129   2                              rift[1]=1;
 130   2                              LEDR2=1;
 131   2                              flagR2=0;
 132   2                      }
 133   1      
 134   1              //R3
 135   1              if(keyR3==0&&flagR3==0)
 136   1                      {
 137   2                              flagR3=1;
 138   2                      }
 139   1              if(keyR3==1&&flagR3==1)
 140   1                      {
 141   2                              rift[2]=1;
 142   2                              LEDR3=1;
 143   2                              flagR3=0;
 144   2                      }
 145   1      
 146   1              //O1
 147   1              if(keyO1==0&&flagO1==0)
 148   1                      {
 149   2                              flagO1=1;
 150   2                      }
 151   1              if(keyO1==1&&flagO1==1)
 152   1                      {
 153   2                              outdoor[1]=1;
 154   2                              LEDO1=1;
 155   2                              flagO1=0;
 156   2                      }
 157   1              //O2
 158   1              if(keyO2==0&&flagO2==0)
 159   1                      {
 160   2                              flagO2=1;
 161   2                      }
 162   1              if(keyO2==1&&flagO2==1)
 163   1                      {
 164   2                              outdoor[2]=1;
 165   2                              LEDO2=1;
 166   2                              flagO2=0;
 167   2                      }
 168   1              //O3
 169   1              if(keyO3==0&&flagO3==0)
 170   1                      {
 171   2                              flagO3=1;
 172   2                      }
 173   1              if(keyO3==1&&flagO3==1)
 174   1                      {
 175   2                              outdoor[3]=1;
 176   2                              LEDO3=1;
 177   2                              flagO3=0;
 178   2                      }
C51 COMPILER V9.60.0.0   LIFT                                                              05/01/2021 09:09:48 PAGE 4   

 179   1              //O4
 180   1              if(keyO4==0&&flagO4==0)
 181   1                      {
 182   2                              flagO4=1;
 183   2                      }
 184   1              if(keyO4==1&&flagO4==1)
 185   1                      {
 186   2                              outdoor[4]=1;
 187   2                              LEDO4=1;
 188   2                              flagO4=0;
 189   2                      }
 190   1      }
 191          
 192          void lArrival(){
 193   1              LOPEN=1;
 194   1              delay(300);
 195   1              lift[lFloor-1]=0;
 196   1              if(lFloor==1){  
 197   2                      LEDL1=0;                
 198   2              }
 199   1              if(lFloor==2){
 200   2                      LEDL2=0;
 201   2              }
 202   1              if(lFloor==3){
 203   2                      LEDL3=0;
 204   2              }
 205   1              switch(lDir){
 206   2                      case 0:
 207   2                              if(lFloor==1){
 208   3                                      outdoor[1]=0;
 209   3                                      LEDO1=0;
 210   3                              }
 211   2                              if(lFloor==2){
 212   3                                      outdoor[2]=0;
 213   3                                      outdoor[3]=0;
 214   3                                      LEDO2=0;
 215   3                                      LEDO3=0;
 216   3                              }
 217   2                              if(lFloor==3){
 218   3                                      outdoor[4]=0;
 219   3                                      LEDO4=0;
 220   3                              }                       
 221   2                      case 1:
 222   2                              if(lFloor==1){
 223   3                                      outdoor[1]=0;
 224   3                                      LEDO1=0;
 225   3                              }
 226   2                              if(lFloor==2){
 227   3                                      outdoor[3]=0;
 228   3                                      LEDO3=0;
 229   3                              }               
 230   2                      case 2:
 231   2                              if(lFloor==2){
 232   3                                      outdoor[2]=0;
 233   3                                      LEDO2=0;
 234   3                              }
 235   2                              if(lFloor==3){
 236   3                                      outdoor[4]=0;
 237   3                                      LEDO4=0;
 238   3                              }                               
 239   2              }
 240   1      
C51 COMPILER V9.60.0.0   LIFT                                                              05/01/2021 09:09:48 PAGE 5   

 241   1              LOPEN=0;
 242   1      }
 243          
 244          void rArrival(){
 245   1              ROPEN=1;
 246   1              delay(300);
 247   1              rift[rFloor-1]=0;
 248   1              if(rFloor==1){  
 249   2                      LEDR1=0;                
 250   2              }
 251   1              if(rFloor==2){
 252   2                      LEDR2=0;
 253   2              }
 254   1              if(rFloor==3){
 255   2                      LEDR3=0;
 256   2              }
 257   1              switch(rDir){
 258   2                      case 0:
 259   2                              if(rFloor==1){
 260   3                                      outdoor[1]=0;
 261   3                                      LEDO1=0;
 262   3                              }
 263   2                              if(rFloor==2){
 264   3                                      outdoor[2]=0;
 265   3                                      outdoor[3]=0;
 266   3                                      LEDO2=0;
 267   3                                      LEDO3=0;
 268   3                              }
 269   2                              if(rFloor==3){
 270   3                                      outdoor[4]=0;
 271   3                                      LEDO4=0;
 272   3                              }                       
 273   2                      case 1:
 274   2                              if(rFloor==1){
 275   3                                      outdoor[1]=0;
 276   3                                      LEDO1=0;
 277   3                              }
 278   2                              if(rFloor==2){
 279   3                                      outdoor[3]=0;
 280   3                                      LEDO3=0;
 281   3                              }               
 282   2                      case 2:
 283   2                              if(rFloor==2){
 284   3                                      outdoor[2]=0;
 285   3                                      LEDO2=0;
 286   3                              }
 287   2                              if(rFloor==3){
 288   3                                      outdoor[4]=0;
 289   3                                      LEDO4=0;
 290   3                              }                               
 291   2              }
 292   1      
 293   1              ROPEN=0;
 294   1      }
 295          
 296          void lDisplayFloor(){
 297   1              if(lFloor==1){
 298   2                      LIFT1=0;
 299   2                      LIFT0=1;
 300   2              }
 301   1              if(lFloor==2){
 302   2                      LIFT1=1;
C51 COMPILER V9.60.0.0   LIFT                                                              05/01/2021 09:09:48 PAGE 6   

 303   2                      LIFT0=0;
 304   2              }
 305   1              if(lFloor==3){
 306   2                      LIFT1=1;
 307   2                      LIFT0=1;
 308   2              }       
 309   1      }
 310          
 311          
 312          void rDisplayFloor(){
 313   1              if(rFloor==1){
 314   2                      RIFT1=0;
 315   2                      RIFT0=1;
 316   2              }
 317   1              if(rFloor==2){
 318   2                      RIFT1=1;
 319   2                      RIFT0=0;
 320   2              }
 321   1              if(rFloor==3){
 322   2                      RIFT1=1;
 323   2                      RIFT0=1;
 324   2              }       
 325   1      }
 326          
 327          void lRun(){
 328   1              switch(lDir){
 329   2                      case 0:
 330   2                              change[0]=0; 
 331   2                              if(lift[lFloor-1]==1||outdoor[(lFloor-1)*2]==1||outdoor[(lFloor-1)*2+1]==1){
 332   3                                      lArrival();
 333   3                              }
 334   2                              for(i=lFloor+1;i<=3;i++){
 335   3                                      if(lift[i-1]==1&&change[0]==0){
 336   4                                              lDir=1;
 337   4                                              change[0]=1;
 338   4                                              break;
 339   4                                      }
 340   3                              } 
 341   2                              for(i=lFloor-1;i>=1;i--){
 342   3                                      if(lift[i-1]==1&&change[0]==0){
 343   4                                              lDir=2; 
 344   4                                              change[0]=1;
 345   4                                              break;
 346   4                                      }
 347   3                              }
 348   2                              for(i=lFloor+1;i<=3;i++){
 349   3                                      if((outdoor[(i-1)*2+1]==1||outdoor[(i-1)*2]==1)&&change[0]==0&&(rDir!=0||(rDir==0&&abs(lFloor-i)<=abs(
             -rFloor-i)))){
 350   4                                              lDir=1;
 351   4                                              change[0]=1;
 352   4                                              break;
 353   4                                      }
 354   3                              }
 355   2                              for(i=lFloor-1;i>=1;i--){
 356   3                                      if((outdoor[(i-1)*2+1]==1||outdoor[(i-1)*2]==1)&&change[0]==0&&(rDir!=0||(rDir==0&&abs(lFloor-i)<=abs(
             -lFloor-i)))){
 357   4                                              lDir=2;
 358   4                                              change[0]=1;
 359   4                                              break;
 360   4                                      }
 361   3                              }
 362   2                              break;
C51 COMPILER V9.60.0.0   LIFT                                                              05/01/2021 09:09:48 PAGE 7   

 363   2                      case 1:
 364   2                              LOPEN=0;
 365   2                              LUP=1;
 366   2                              delay(100);
 367   2                              lFloor++;
 368   2                              lDisplayFloor();
 369   2                              delay(100);
 370   2                              change[1]=0;
 371   2                              if(lift[lFloor-1]==1||outdoor[(lFloor-1)*2+1]==1){
 372   3                                      lArrival();
 373   3                              }
 374   2                              for(i=lFloor+1;i<=3;i++){
 375   3                                      if(lift[i-1]==1||outdoor[(i-1)*2+1]==1){
 376   4                                              lDir=1;
 377   4                                              change[1]=1;
 378   4                                              break;
 379   4                                      }
 380   3                              }       
 381   2                              if(change[1]==0){
 382   3                                      lDir=0; 
 383   3                                      LUP=0;
 384   3                              }
 385   2                              break;
 386   2                      case 2:
 387   2                              LOPEN=0;
 388   2                              LDOWN=1;
 389   2                              delay(100);
 390   2                              lFloor--;
 391   2                              lDisplayFloor();
 392   2                              delay(100);
 393   2                              change[2]=0;
 394   2                              if(lift[lFloor-1]==1||outdoor[(lFloor-1)*2==1]){
 395   3                                      lArrival();
 396   3                              }
 397   2                              for(i=lFloor-1;i>=1;i--){
 398   3                                      if(lift[i-1]==1||outdoor[(i-1)*2]==1){
 399   4                                              lDir=2;
 400   4                                              change[2]=1;
 401   4                                              break;
 402   4                                      }
 403   3                              }       
 404   2                              if(change[2]==0){
 405   3                                      lDir=0;         
 406   3                                      LDOWN=0;
 407   3                              }
 408   2                              break;                                  
 409   2              }
 410   1      }
 411          
 412          void rRun(){
 413   1              switch(rDir){
 414   2                      case 0:
 415   2                              change[3]=0; 
 416   2                              if(rift[rFloor-1]==1||outdoor[(rFloor-1)*2]==1||outdoor[(rFloor-1)*2+1]==1){
 417   3                                      rArrival();
 418   3                              }
 419   2                              for(j=rFloor+1;j<=3;j++){
 420   3                                      if(rift[j-1]==1&&change[3]==0){
 421   4                                              rDir=1;
 422   4                                              change[3]=1;
 423   4                                              break;
 424   4                                      }
C51 COMPILER V9.60.0.0   LIFT                                                              05/01/2021 09:09:48 PAGE 8   

 425   3                              } 
 426   2                              for(j=rFloor-1;j>=1;j--){
 427   3                                      if(rift[j-1]==1&&change[3]==0){
 428   4                                              rDir=2; 
 429   4                                              change[3]=1;
 430   4                                              break;
 431   4                                      }
 432   3                              }
 433   2                              for(j=rFloor+1;j<=3;j++){
 434   3                                      if((outdoor[(j-1)*2+1]==1||outdoor[(j-1)*2]==1)&&change[3]==0&&(lDir!=0||(lDir==0&&abs(rFloor-j)<=abs(
             -lFloor-j)))){
 435   4                                              rDir=1;
 436   4                                              change[3]=1;
 437   4                                              break;
 438   4                                      }
 439   3                              }
 440   2                              for(j=rFloor-1;j>=1;j--){
 441   3                                      if((outdoor[(j-1)*2+1]==1||outdoor[(j-1)*2]==1)&&change[3]==0&&(lDir!=0||(lDir==0&&abs(rFloor-j)<=abs(
             -lFloor-j)))){
 442   4                                              rDir=2;
 443   4                                              change[3]=1;
 444   4                                              break;
 445   4                                      }
 446   3                              }
 447   2                              break;
 448   2                      case 1:
 449   2                              ROPEN=0;
 450   2                              RUP=1;
 451   2                              delay(100);
 452   2                              rFloor++;
 453   2                              rDisplayFloor();
 454   2                              delay(100);
 455   2                              change[4]=0;
 456   2                              if(rift[rFloor-1]==1||outdoor[(rFloor-1)*2+1]==1){
 457   3                                      rArrival();
 458   3                              }
 459   2                              for(j=rFloor+1;j<=3;j++){
 460   3                                      if(rift[j-1]==1||outdoor[(j-1)*2+1]==1){
 461   4                                              rDir=1;
 462   4                                              change[4]=1;
 463   4                                              break;
 464   4                                      }
 465   3                              }       
 466   2                              if(change[4]==0){
 467   3                                      rDir=0; 
 468   3                                      RUP=0;
 469   3                              }
 470   2                              break;
 471   2                      case 2:
 472   2                              ROPEN=0;
 473   2                              RDOWN=1;
 474   2                              delay(100);
 475   2                              rFloor--;
 476   2                              rDisplayFloor();
 477   2                              delay(100);
 478   2                              change[5]=0;
 479   2                              if(rift[rFloor-1]==1||outdoor[(rFloor-1)*2==1]){
 480   3                                      rArrival();
 481   3                              }
 482   2                              for(j=rFloor-1;j>=1;j--){
 483   3                                      if(rift[j-1]==1||outdoor[(j-1)*2]==1){
 484   4                                              rDir=2;
C51 COMPILER V9.60.0.0   LIFT                                                              05/01/2021 09:09:48 PAGE 9   

 485   4                                              change[5]=1;
 486   4                                              break;
 487   4                                      }
 488   3                              }       
 489   2                              if(change[5]==0){
 490   3                                      rDir=0;         
 491   3                                      RDOWN=0;
 492   3                              }
 493   2                              break;                                  
 494   2              }
 495   1      }
 496          
 497          
 498          void main(){
 499   1              initLed();
 500   1              //init_timer();
 501   1              while(1){
 502   2                      check();
 503   2                      rRun();
 504   2                      lRun();
 505   2                      
 506   2                      delay(300);
 507   2              }
 508   1      }


MODULE INFORMATION:   STATIC OVERLAYABLE
   CODE SIZE        =   1821    ----
   CONSTANT SIZE    =   ----    ----
   XDATA SIZE       =   ----    ----
   PDATA SIZE       =   ----    ----
   DATA SIZE        =     34    ----
   IDATA SIZE       =   ----    ----
   BIT SIZE         =   ----    ----
END OF MODULE INFORMATION.


C51 COMPILATION COMPLETE.  0 WARNING(S),  0 ERROR(S)
